Traceback (most recent call last):
  File "/root/miniconda3/lib/python3.12/site-packages/trl/import_utils.py", line 144, in _get_module
    return importlib.import_module("." + module_name, self.__name__)
           ^^^^^^^^^^^^^^^^^^^^^^^^^^^^^^^^^^^^^^^^^^^^^^^^^^^^^^^^^
  File "/root/miniconda3/lib/python3.12/importlib/__init__.py", line 90, in import_module
    return _bootstrap._gcd_import(name[level:], package, level)
           ^^^^^^^^^^^^^^^^^^^^^^^^^^^^^^^^^^^^^^^^^^^^^^^^^^^^
  File "<frozen importlib._bootstrap>", line 1387, in _gcd_import
  File "<frozen importlib._bootstrap>", line 1360, in _find_and_load
  File "<frozen importlib._bootstrap>", line 1331, in _find_and_load_unlocked
  File "<frozen importlib._bootstrap>", line 935, in _load_unlocked
  File "<frozen importlib._bootstrap_external>", line 995, in exec_module
  File "<frozen importlib._bootstrap>", line 488, in _call_with_frames_removed
  File "/root/miniconda3/lib/python3.12/site-packages/trl/trainer/dpo_trainer.py", line 49, in <module>
    from transformers.models.auto.modeling_auto import MODEL_FOR_VISION_2_SEQ_MAPPING_NAMES
ImportError: cannot import name 'MODEL_FOR_VISION_2_SEQ_MAPPING_NAMES' from 'transformers.models.auto.modeling_auto' (/root/miniconda3/lib/python3.12/site-packages/transformers/models/auto/modeling_auto.py)

The above exception was the direct cause of the following exception:

Traceback (most recent call last):
  File "<stdin>", line 5, in <module>
  File "<frozen importlib._bootstrap>", line 1412, in _handle_fromlist
  File "/root/miniconda3/lib/python3.12/site-packages/trl/import_utils.py", line 135, in __getattr__
    value = getattr(module, name)
            ^^^^^^^^^^^^^^^^^^^^^
  File "/root/miniconda3/lib/python3.12/site-packages/trl/import_utils.py", line 134, in __getattr__
    module = self._get_module(self._class_to_module[name])
             ^^^^^^^^^^^^^^^^^^^^^^^^^^^^^^^^^^^^^^^^^^^^^
  File "/root/miniconda3/lib/python3.12/site-packages/trl/import_utils.py", line 146, in _get_module
    raise RuntimeError(
RuntimeError: Failed to import trl.trainer.dpo_trainer because of the following error (look up to see its traceback):
cannot import name 'MODEL_FOR_VISION_2_SEQ_MAPPING_NAMES' from 'transformers.models.auto.modeling_auto' (/root/miniconda3/lib/python3.12/site-packages/transformers/models/auto/modeling_auto.py)
torch=2.11.0
transformers=5.13.1
trl=0.19.1
peft=0.19.1
DPOTrainer import: FAIL
--- pip check ---
rewardbench 0.1.4 has requirement transformers==4.51.0, but you have transformers 5.13.1.
